# JRE version: OpenJDK Runtime Environment (8.0_242-b01) (build 1.8.0_242-release-1644-b01)
# Java VM: OpenJDK 64-Bit Server VM (25.242-b01 mixed mode windows-amd64 compressed oops)
Heap:
 PSYoungGen      total 82432K, used 60347K [0x00000000d5a00000, 0x00000000dd280000, 0x0000000100000000)
  eden space 62464K, 96% used [0x00000000d5a00000,0x00000000d94eed08,0x00000000d9700000)
  from space 19968K, 0% used [0x00000000daa00000,0x00000000daa00000,0x00000000dbd80000)
  to   space 19456K, 0% used [0x00000000d9700000,0x00000000d9700000,0x00000000daa00000)
 ParOldGen       total 125952K, used 23656K [0x0000000080e00000, 0x0000000088900000, 0x00000000d5a00000)
  object space 125952K, 18% used [0x0000000080e00000,0x000000008251a350,0x0000000088900000)
 Metaspace       used 39460K, capacity 40093K, committed 40448K, reserved 1085440K
  class space    used 4907K, capacity 5084K, committed 5120K, reserved 1048576K
GC Heap History (10 events):
Event: 1.705 GC heap before
{Heap before GC invocations=4 (full 1):
 PSYoungGen      total 38400K, used 5104K [0x00000000d5a00000, 0x00000000da500000, 0x0000000100000000)
  eden space 33280K, 0% used [0x00000000d5a00000,0x00000000d5a00000,0x00000000d7a80000)
  from space 5120K, 99% used [0x00000000d7a80000,0x00000000d7f7c030,0x00000000d7f80000)
  to   space 5120K, 0% used [0x00000000da000000,0x00000000da000000,0x00000000da500000)
 ParOldGen       total 87552K, used 17565K [0x0000000080e00000, 0x0000000086380000, 0x00000000d5a00000)
  object space 87552K, 20% used [0x0000000080e00000,0x0000000081f27590,0x0000000086380000)
 Metaspace       used 20756K, capacity 21122K, committed 21248K, reserved 1069056K
  class space    used 2381K, capacity 2515K, committed 2560K, reserved 1048576K
Event: 1.778 GC heap after
Heap after GC invocations=4 (full 1):
 PSYoungGen      total 38400K, used 0K [0x00000000d5a00000, 0x00000000da500000, 0x0000000100000000)
  eden space 33280K, 0% used [0x00000000d5a00000,0x00000000d5a00000,0x00000000d7a80000)
  from space 5120K, 0% used [0x00000000d7a80000,0x00000000d7a80000,0x00000000d7f80000)
  to   space 5120K, 0% used [0x00000000da000000,0x00000000da000000,0x00000000da500000)
 ParOldGen       total 80384K, used 15012K [0x0000000080e00000, 0x0000000085c80000, 0x00000000d5a00000)
  object space 80384K, 18% used [0x0000000080e00000,0x0000000081ca9248,0x0000000085c80000)
 Metaspace       used 20756K, capacity 21122K, committed 21248K, reserved 1069056K
  class space    used 2381K, capacity 2515K, committed 2560K, reserved 1048576K
}
Event: 2.438 GC heap before
{Heap before GC invocations=5 (full 1):
 PSYoungGen      total 38400K, used 33280K [0x00000000d5a00000, 0x00000000da500000, 0x0000000100000000)
  eden space 33280K, 100% used [0x00000000d5a00000,0x00000000d7a80000,0x00000000d7a80000)
  from space 5120K, 0% used [0x00000000d7a80000,0x00000000d7a80000,0x00000000d7f80000)
  to   space 5120K, 0% used [0x00000000da000000,0x00000000da000000,0x00000000da500000)
 ParOldGen       total 80384K, used 15012K [0x0000000080e00000, 0x0000000085c80000, 0x00000000d5a00000)
  object space 80384K, 18% used [0x0000000080e00000,0x0000000081ca9248,0x0000000085c80000)
 Metaspace       used 24587K, capacity 25060K, committed 25344K, reserved 1071104K
  class space    used 3171K, capacity 3306K, committed 3328K, reserved 1048576K
Event: 2.448 GC heap after
Heap after GC invocations=5 (full 1):
 PSYoungGen      total 50688K, used 5089K [0x00000000d5a00000, 0x00000000da500000, 0x0000000100000000)
  eden space 45568K, 0% used [0x00000000d5a00000,0x00000000d5a00000,0x00000000d8680000)
  from space 5120K, 99% used [0x00000000da000000,0x00000000da4f86d0,0x00000000da500000)
  to   space 5120K, 0% used [0x00000000d9b00000,0x00000000d9b00000,0x00000000da000000)
 ParOldGen       total 80384K, used 17175K [0x0000000080e00000, 0x0000000085c80000, 0x00000000d5a00000)
  object space 80384K, 21% used [0x0000000080e00000,0x0000000081ec5c60,0x0000000085c80000)
 Metaspace       used 24587K, capacity 25060K, committed 25344K, reserved 1071104K
  class space    used 3171K, capacity 3306K, committed 3328K, reserved 1048576K
}
Event: 3.315 GC heap before
{Heap before GC invocations=6 (full 1):
 PSYoungGen      total 50688K, used 50657K [0x00000000d5a00000, 0x00000000da500000, 0x0000000100000000)
  eden space 45568K, 100% used [0x00000000d5a00000,0x00000000d8680000,0x00000000d8680000)
  from space 5120K, 99% used [0x00000000da000000,0x00000000da4f86d0,0x00000000da500000)
  to   space 5120K, 0% used [0x00000000d9b00000,0x00000000d9b00000,0x00000000da000000)
 ParOldGen       total 80384K, used 17175K [0x0000000080e00000, 0x0000000085c80000, 0x00000000d5a00000)
  object space 80384K, 21% used [0x0000000080e00000,0x0000000081ec5c60,0x0000000085c80000)
 Metaspace       used 32276K, capacity 32783K, committed 33024K, reserved 1077248K
  class space    used 4094K, capacity 4274K, committed 4352K, reserved 1048576K
Event: 3.333 GC heap after
Heap after GC invocations=6 (full 1):
 PSYoungGen      total 67072K, used 5108K [0x00000000d5a00000, 0x00000000dbd80000, 0x0000000100000000)
  eden space 61952K, 0% used [0x00000000d5a00000,0x00000000d5a00000,0x00000000d9680000)
  from space 5120K, 99% used [0x00000000d9b00000,0x00000000d9ffd360,0x00000000da000000)
  to   space 19968K, 0% used [0x00000000daa00000,0x00000000daa00000,0x00000000dbd80000)
 ParOldGen       total 80384K, used 28867K [0x0000000080e00000, 0x0000000085c80000, 0x00000000d5a00000)
  object space 80384K, 35% used [0x0000000080e00000,0x0000000082a30e08,0x0000000085c80000)
 Metaspace       used 32276K, capacity 32783K, committed 33024K, reserved 1077248K
  class space    used 4094K, capacity 4274K, committed 4352K, reserved 1048576K
}
Event: 3.590 GC heap before
{Heap before GC invocations=7 (full 1):
 PSYoungGen      total 67072K, used 18686K [0x00000000d5a00000, 0x00000000dbd80000, 0x0000000100000000)
  eden space 61952K, 21% used [0x00000000d5a00000,0x00000000d6742508,0x00000000d9680000)
  from space 5120K, 99% used [0x00000000d9b00000,0x00000000d9ffd360,0x00000000da000000)
  to   space 19968K, 0% used [0x00000000daa00000,0x00000000daa00000,0x00000000dbd80000)
 ParOldGen       total 80384K, used 28867K [0x0000000080e00000, 0x0000000085c80000, 0x00000000d5a00000)
  object space 80384K, 35% used [0x0000000080e00000,0x0000000082a30e08,0x0000000085c80000)
 Metaspace       used 34606K, capacity 35153K, committed 35416K, reserved 1081344K
  class space    used 4391K, capacity 4569K, committed 4608K, reserved 1048576K
Event: 3.598 GC heap after
Heap after GC invocations=7 (full 1):
 PSYoungGen      total 82432K, used 8258K [0x00000000d5a00000, 0x00000000dd280000, 0x0000000100000000)
  eden space 62464K, 0% used [0x00000000d5a00000,0x00000000d5a00000,0x00000000d9700000)
  from space 19968K, 41% used [0x00000000daa00000,0x00000000db210820,0x00000000dbd80000)
  to   space 19456K, 0% used [0x00000000d9700000,0x00000000d9700000,0x00000000daa00000)
 ParOldGen       total 80384K, used 28875K [0x0000000080e00000, 0x0000000085c80000, 0x00000000d5a00000)
  object space 80384K, 35% used [0x0000000080e00000,0x0000000082a32e08,0x0000000085c80000)
 Metaspace       used 34606K, capacity 35153K, committed 35416K, reserved 1081344K
  class space    used 4391K, capacity 4569K, committed 4608K, reserved 1048576K
}
Event: 3.598 GC heap before
{Heap before GC invocations=8 (full 2):
 PSYoungGen      total 82432K, used 8258K [0x00000000d5a00000, 0x00000000dd280000, 0x0000000100000000)
  eden space 62464K, 0% used [0x00000000d5a00000,0x00000000d5a00000,0x00000000d9700000)
  from space 19968K, 41% used [0x00000000daa00000,0x00000000db210820,0x00000000dbd80000)
  to   space 19456K, 0% used [0x00000000d9700000,0x00000000d9700000,0x00000000daa00000)
 ParOldGen       total 80384K, used 28875K [0x0000000080e00000, 0x0000000085c80000, 0x00000000d5a00000)
  object space 80384K, 35% used [0x0000000080e00000,0x0000000082a32e08,0x0000000085c80000)
 Metaspace       used 34606K, capacity 35153K, committed 35416K, reserved 1081344K
  class space    used 4391K, capacity 4569K, committed 4608K, reserved 1048576K
Event: 3.669 GC heap after
Heap after GC invocations=8 (full 2):
 PSYoungGen      total 82432K, used 0K [0x00000000d5a00000, 0x00000000dd280000, 0x0000000100000000)
  eden space 62464K, 0% used [0x00000000d5a00000,0x00000000d5a00000,0x00000000d9700000)
  from space 19968K, 0% used [0x00000000daa00000,0x00000000daa00000,0x00000000dbd80000)
  to   space 19456K, 0% used [0x00000000d9700000,0x00000000d9700000,0x00000000daa00000)
 ParOldGen       total 125952K, used 23656K [0x0000000080e00000, 0x0000000088900000, 0x00000000d5a00000)
  object space 125952K, 18% used [0x0000000080e00000,0x000000008251a350,0x0000000088900000)
 Metaspace       used 34606K, capacity 35153K, committed 35416K, reserved 1081344K
  class space    used 4391K, capacity 4569K, committed 4608K, reserved 1048576K
}

