# JRE version: OpenJDK Runtime Environment (8.0_242-b01) (build 1.8.0_242-release-1644-b01)
# Java VM: OpenJDK 64-Bit Server VM (25.242-b01 mixed mode windows-amd64 compressed oops)
Heap:
 PSYoungGen      total 86528K, used 59696K [0x00000000d5a00000, 0x00000000dd900000, 0x0000000100000000)
  eden space 66560K, 89% used [0x00000000d5a00000,0x00000000d944c160,0x00000000d9b00000)
  from space 19968K, 0% used [0x00000000dad80000,0x00000000dad80000,0x00000000dc100000)
  to   space 18944K, 0% used [0x00000000d9b00000,0x00000000d9b00000,0x00000000dad80000)
 ParOldGen       total 78848K, used 23831K [0x0000000080e00000, 0x0000000085b00000, 0x00000000d5a00000)
  object space 78848K, 30% used [0x0000000080e00000,0x0000000082545c20,0x0000000085b00000)
 Metaspace       used 39270K, capacity 39961K, committed 40192K, reserved 1085440K
  class space    used 4879K, capacity 5082K, committed 5120K, reserved 1048576K
GC Heap History (10 events):
Event: 1.602 GC heap before
{Heap before GC invocations=4 (full 1):
 PSYoungGen      total 38400K, used 5104K [0x00000000d5a00000, 0x00000000da500000, 0x0000000100000000)
  eden space 33280K, 0% used [0x00000000d5a00000,0x00000000d5a00000,0x00000000d7a80000)
  from space 5120K, 99% used [0x00000000d7a80000,0x00000000d7f7c270,0x00000000d7f80000)
  to   space 5120K, 0% used [0x00000000da000000,0x00000000da000000,0x00000000da500000)
 ParOldGen       total 87552K, used 17503K [0x0000000080e00000, 0x0000000086380000, 0x00000000d5a00000)
  object space 87552K, 19% used [0x0000000080e00000,0x0000000081f17ed0,0x0000000086380000)
 Metaspace       used 20759K, capacity 21122K, committed 21248K, reserved 1069056K
  class space    used 2380K, capacity 2515K, committed 2560K, reserved 1048576K
Event: 1.664 GC heap after
Heap after GC invocations=4 (full 1):
 PSYoungGen      total 38400K, used 0K [0x00000000d5a00000, 0x00000000da500000, 0x0000000100000000)
  eden space 33280K, 0% used [0x00000000d5a00000,0x00000000d5a00000,0x00000000d7a80000)
  from space 5120K, 0% used [0x00000000d7a80000,0x00000000d7a80000,0x00000000d7f80000)
  to   space 5120K, 0% used [0x00000000da000000,0x00000000da000000,0x00000000da500000)
 ParOldGen       total 78848K, used 15023K [0x0000000080e00000, 0x0000000085b00000, 0x00000000d5a00000)
  object space 78848K, 19% used [0x0000000080e00000,0x0000000081cabd30,0x0000000085b00000)
 Metaspace       used 20759K, capacity 21122K, committed 21248K, reserved 1069056K
  class space    used 2380K, capacity 2515K, committed 2560K, reserved 1048576K
}
Event: 2.261 GC heap before
{Heap before GC invocations=5 (full 1):
 PSYoungGen      total 38400K, used 33280K [0x00000000d5a00000, 0x00000000da500000, 0x0000000100000000)
  eden space 33280K, 100% used [0x00000000d5a00000,0x00000000d7a80000,0x00000000d7a80000)
  from space 5120K, 0% used [0x00000000d7a80000,0x00000000d7a80000,0x00000000d7f80000)
  to   space 5120K, 0% used [0x00000000da000000,0x00000000da000000,0x00000000da500000)
 ParOldGen       total 78848K, used 15023K [0x0000000080e00000, 0x0000000085b00000, 0x00000000d5a00000)
  object space 78848K, 19% used [0x0000000080e00000,0x0000000081cabd30,0x0000000085b00000)
 Metaspace       used 24593K, capacity 25124K, committed 25344K, reserved 1071104K
  class space    used 3169K, capacity 3306K, committed 3328K, reserved 1048576K
Event: 2.272 GC heap after
Heap after GC invocations=5 (full 1):
 PSYoungGen      total 52224K, used 5101K [0x00000000d5a00000, 0x00000000da500000, 0x0000000100000000)
  eden space 47104K, 0% used [0x00000000d5a00000,0x00000000d5a00000,0x00000000d8800000)
  from space 5120K, 99% used [0x00000000da000000,0x00000000da4fb6e0,0x00000000da500000)
  to   space 5120K, 0% used [0x00000000d9b00000,0x00000000d9b00000,0x00000000da000000)
 ParOldGen       total 78848K, used 17157K [0x0000000080e00000, 0x0000000085b00000, 0x00000000d5a00000)
  object space 78848K, 21% used [0x0000000080e00000,0x0000000081ec15b8,0x0000000085b00000)
 Metaspace       used 24593K, capacity 25124K, committed 25344K, reserved 1071104K
  class space    used 3169K, capacity 3306K, committed 3328K, reserved 1048576K
}
Event: 3.100 GC heap before
{Heap before GC invocations=6 (full 1):
 PSYoungGen      total 52224K, used 52205K [0x00000000d5a00000, 0x00000000da500000, 0x0000000100000000)
  eden space 47104K, 100% used [0x00000000d5a00000,0x00000000d8800000,0x00000000d8800000)
  from space 5120K, 99% used [0x00000000da000000,0x00000000da4fb6e0,0x00000000da500000)
  to   space 5120K, 0% used [0x00000000d9b00000,0x00000000d9b00000,0x00000000da000000)
 ParOldGen       total 78848K, used 17157K [0x0000000080e00000, 0x0000000085b00000, 0x00000000d5a00000)
  object space 78848K, 21% used [0x0000000080e00000,0x0000000081ec15b8,0x0000000085b00000)
 Metaspace       used 32215K, capacity 32783K, committed 33024K, reserved 1077248K
  class space    used 4084K, capacity 4274K, committed 4352K, reserved 1048576K
Event: 3.113 GC heap after
Heap after GC invocations=6 (full 1):
 PSYoungGen      total 70656K, used 5091K [0x00000000d5a00000, 0x00000000dc100000, 0x0000000100000000)
  eden space 65536K, 0% used [0x00000000d5a00000,0x00000000d5a00000,0x00000000d9a00000)
  from space 5120K, 99% used [0x00000000d9b00000,0x00000000d9ff8c70,0x00000000da000000)
  to   space 19968K, 0% used [0x00000000dad80000,0x00000000dad80000,0x00000000dc100000)
 ParOldGen       total 78848K, used 28762K [0x0000000080e00000, 0x0000000085b00000, 0x00000000d5a00000)
  object space 78848K, 36% used [0x0000000080e00000,0x0000000082a16928,0x0000000085b00000)
 Metaspace       used 32215K, capacity 32783K, committed 33024K, reserved 1077248K
  class space    used 4084K, capacity 4274K, committed 4352K, reserved 1048576K
}
Event: 3.384 GC heap before
{Heap before GC invocations=7 (full 1):
 PSYoungGen      total 70656K, used 19374K [0x00000000d5a00000, 0x00000000dc100000, 0x0000000100000000)
  eden space 65536K, 21% used [0x00000000d5a00000,0x00000000d67f2c20,0x00000000d9a00000)
  from space 5120K, 99% used [0x00000000d9b00000,0x00000000d9ff8c70,0x00000000da000000)
  to   space 19968K, 0% used [0x00000000dad80000,0x00000000dad80000,0x00000000dc100000)
 ParOldGen       total 78848K, used 28762K [0x0000000080e00000, 0x0000000085b00000, 0x00000000d5a00000)
  object space 78848K, 36% used [0x0000000080e00000,0x0000000082a16928,0x0000000085b00000)
 Metaspace       used 34649K, capacity 35157K, committed 35416K, reserved 1081344K
  class space    used 4393K, capacity 4569K, committed 4608K, reserved 1048576K
Event: 3.392 GC heap after
Heap after GC invocations=7 (full 1):
 PSYoungGen      total 86528K, used 8274K [0x00000000d5a00000, 0x00000000dd900000, 0x0000000100000000)
  eden space 66560K, 0% used [0x00000000d5a00000,0x00000000d5a00000,0x00000000d9b00000)
  from space 19968K, 41% used [0x00000000dad80000,0x00000000db594a40,0x00000000dc100000)
  to   space 18944K, 0% used [0x00000000d9b00000,0x00000000d9b00000,0x00000000dad80000)
 ParOldGen       total 78848K, used 28770K [0x0000000080e00000, 0x0000000085b00000, 0x00000000d5a00000)
  object space 78848K, 36% used [0x0000000080e00000,0x0000000082a18928,0x0000000085b00000)
 Metaspace       used 34649K, capacity 35157K, committed 35416K, reserved 1081344K
  class space    used 4393K, capacity 4569K, committed 4608K, reserved 1048576K
}
Event: 3.392 GC heap before
{Heap before GC invocations=8 (full 2):
 PSYoungGen      total 86528K, used 8274K [0x00000000d5a00000, 0x00000000dd900000, 0x0000000100000000)
  eden space 66560K, 0% used [0x00000000d5a00000,0x00000000d5a00000,0x00000000d9b00000)
  from space 19968K, 41% used [0x00000000dad80000,0x00000000db594a40,0x00000000dc100000)
  to   space 18944K, 0% used [0x00000000d9b00000,0x00000000d9b00000,0x00000000dad80000)
 ParOldGen       total 78848K, used 28770K [0x0000000080e00000, 0x0000000085b00000, 0x00000000d5a00000)
  object space 78848K, 36% used [0x0000000080e00000,0x0000000082a18928,0x0000000085b00000)
 Metaspace       used 34649K, capacity 35157K, committed 35416K, reserved 1081344K
  class space    used 4393K, capacity 4569K, committed 4608K, reserved 1048576K
Event: 3.465 GC heap after
Heap after GC invocations=8 (full 2):
 PSYoungGen      total 86528K, used 0K [0x00000000d5a00000, 0x00000000dd900000, 0x0000000100000000)
  eden space 66560K, 0% used [0x00000000d5a00000,0x00000000d5a00000,0x00000000d9b00000)
  from space 19968K, 0% used [0x00000000dad80000,0x00000000dad80000,0x00000000dc100000)
  to   space 18944K, 0% used [0x00000000d9b00000,0x00000000d9b00000,0x00000000dad80000)
 ParOldGen       total 78848K, used 23831K [0x0000000080e00000, 0x0000000085b00000, 0x00000000d5a00000)
  object space 78848K, 30% used [0x0000000080e00000,0x0000000082545c20,0x0000000085b00000)
 Metaspace       used 34649K, capacity 35157K, committed 35416K, reserved 1081344K
  class space    used 4393K, capacity 4569K, committed 4608K, reserved 1048576K
}

