# JRE version: OpenJDK Runtime Environment (8.0_242-b01) (build 1.8.0_242-release-1644-b01)
# Java VM: OpenJDK 64-Bit Server VM (25.242-b01 mixed mode windows-amd64 compressed oops)
Heap:
 PSYoungGen      total 82432K, used 25258K [0x00000000d5a00000, 0x00000000dd380000, 0x0000000100000000)
  eden space 62464K, 40% used [0x00000000d5a00000,0x00000000d72aa9c0,0x00000000d9700000)
  from space 19968K, 0% used [0x00000000daa00000,0x00000000daa00000,0x00000000dbd80000)
  to   space 19456K, 0% used [0x00000000d9700000,0x00000000d9700000,0x00000000daa00000)
 ParOldGen       total 80384K, used 23648K [0x0000000080e00000, 0x0000000085c80000, 0x00000000d5a00000)
  object space 80384K, 29% used [0x0000000080e00000,0x00000000825181b8,0x0000000085c80000)
 Metaspace       used 38484K, capacity 39167K, committed 39680K, reserved 1083392K
  class space    used 4826K, capacity 5015K, committed 5120K, reserved 1048576K
GC Heap History (10 events):
Event: 1.674 GC heap before
{Heap before GC invocations=4 (full 1):
 PSYoungGen      total 38400K, used 5088K [0x00000000d5a00000, 0x00000000da500000, 0x0000000100000000)
  eden space 33280K, 0% used [0x00000000d5a00000,0x00000000d5a00000,0x00000000d7a80000)
  from space 5120K, 99% used [0x00000000d7a80000,0x00000000d7f78270,0x00000000d7f80000)
  to   space 5120K, 0% used [0x00000000da000000,0x00000000da000000,0x00000000da500000)
 ParOldGen       total 87552K, used 17462K [0x0000000080e00000, 0x0000000086380000, 0x00000000d5a00000)
  object space 87552K, 19% used [0x0000000080e00000,0x0000000081f0d848,0x0000000086380000)
 Metaspace       used 20754K, capacity 21122K, committed 21248K, reserved 1069056K
  class space    used 2378K, capacity 2515K, committed 2560K, reserved 1048576K
Event: 1.734 GC heap after
Heap after GC invocations=4 (full 1):
 PSYoungGen      total 38400K, used 0K [0x00000000d5a00000, 0x00000000da500000, 0x0000000100000000)
  eden space 33280K, 0% used [0x00000000d5a00000,0x00000000d5a00000,0x00000000d7a80000)
  from space 5120K, 0% used [0x00000000d7a80000,0x00000000d7a80000,0x00000000d7f80000)
  to   space 5120K, 0% used [0x00000000da000000,0x00000000da000000,0x00000000da500000)
 ParOldGen       total 80384K, used 14954K [0x0000000080e00000, 0x0000000085c80000, 0x00000000d5a00000)
  object space 80384K, 18% used [0x0000000080e00000,0x0000000081c9a918,0x0000000085c80000)
 Metaspace       used 20754K, capacity 21122K, committed 21248K, reserved 1069056K
  class space    used 2378K, capacity 2515K, committed 2560K, reserved 1048576K
}
Event: 2.474 GC heap before
{Heap before GC invocations=5 (full 1):
 PSYoungGen      total 38400K, used 33280K [0x00000000d5a00000, 0x00000000da500000, 0x0000000100000000)
  eden space 33280K, 100% used [0x00000000d5a00000,0x00000000d7a80000,0x00000000d7a80000)
  from space 5120K, 0% used [0x00000000d7a80000,0x00000000d7a80000,0x00000000d7f80000)
  to   space 5120K, 0% used [0x00000000da000000,0x00000000da000000,0x00000000da500000)
 ParOldGen       total 80384K, used 14954K [0x0000000080e00000, 0x0000000085c80000, 0x00000000d5a00000)
  object space 80384K, 18% used [0x0000000080e00000,0x0000000081c9a918,0x0000000085c80000)
 Metaspace       used 24585K, capacity 25060K, committed 25344K, reserved 1071104K
  class space    used 3165K, capacity 3306K, committed 3328K, reserved 1048576K
Event: 2.483 GC heap after
Heap after GC invocations=5 (full 1):
 PSYoungGen      total 50688K, used 5098K [0x00000000d5a00000, 0x00000000da500000, 0x0000000100000000)
  eden space 45568K, 0% used [0x00000000d5a00000,0x00000000d5a00000,0x00000000d8680000)
  from space 5120K, 99% used [0x00000000da000000,0x00000000da4fab30,0x00000000da500000)
  to   space 5120K, 0% used [0x00000000d9b00000,0x00000000d9b00000,0x00000000da000000)
 ParOldGen       total 80384K, used 17077K [0x0000000080e00000, 0x0000000085c80000, 0x00000000d5a00000)
  object space 80384K, 21% used [0x0000000080e00000,0x0000000081ead5d0,0x0000000085c80000)
 Metaspace       used 24585K, capacity 25060K, committed 25344K, reserved 1071104K
  class space    used 3165K, capacity 3306K, committed 3328K, reserved 1048576K
}
Event: 3.561 GC heap before
{Heap before GC invocations=6 (full 1):
 PSYoungGen      total 50688K, used 50666K [0x00000000d5a00000, 0x00000000da500000, 0x0000000100000000)
  eden space 45568K, 100% used [0x00000000d5a00000,0x00000000d8680000,0x00000000d8680000)
  from space 5120K, 99% used [0x00000000da000000,0x00000000da4fab30,0x00000000da500000)
  to   space 5120K, 0% used [0x00000000d9b00000,0x00000000d9b00000,0x00000000da000000)
 ParOldGen       total 80384K, used 17077K [0x0000000080e00000, 0x0000000085c80000, 0x00000000d5a00000)
  object space 80384K, 21% used [0x0000000080e00000,0x0000000081ead5d0,0x0000000085c80000)
 Metaspace       used 32288K, capacity 32847K, committed 33280K, reserved 1079296K
  class space    used 4092K, capacity 4274K, committed 4352K, reserved 1048576K
Event: 3.580 GC heap after
Heap after GC invocations=6 (full 1):
 PSYoungGen      total 67072K, used 5088K [0x00000000d5a00000, 0x00000000dbd80000, 0x0000000100000000)
  eden space 61952K, 0% used [0x00000000d5a00000,0x00000000d5a00000,0x00000000d9680000)
  from space 5120K, 99% used [0x00000000d9b00000,0x00000000d9ff8340,0x00000000da000000)
  to   space 19968K, 0% used [0x00000000daa00000,0x00000000daa00000,0x00000000dbd80000)
 ParOldGen       total 80384K, used 28819K [0x0000000080e00000, 0x0000000085c80000, 0x00000000d5a00000)
  object space 80384K, 35% used [0x0000000080e00000,0x0000000082a24d30,0x0000000085c80000)
 Metaspace       used 32288K, capacity 32847K, committed 33280K, reserved 1079296K
  class space    used 4092K, capacity 4274K, committed 4352K, reserved 1048576K
}
Event: 3.877 GC heap before
{Heap before GC invocations=7 (full 1):
 PSYoungGen      total 67072K, used 18650K [0x00000000d5a00000, 0x00000000dbd80000, 0x0000000100000000)
  eden space 61952K, 21% used [0x00000000d5a00000,0x00000000d673e798,0x00000000d9680000)
  from space 5120K, 99% used [0x00000000d9b00000,0x00000000d9ff8340,0x00000000da000000)
  to   space 19968K, 0% used [0x00000000daa00000,0x00000000daa00000,0x00000000dbd80000)
 ParOldGen       total 80384K, used 28819K [0x0000000080e00000, 0x0000000085c80000, 0x00000000d5a00000)
  object space 80384K, 35% used [0x0000000080e00000,0x0000000082a24d30,0x0000000085c80000)
 Metaspace       used 34654K, capacity 35153K, committed 35416K, reserved 1081344K
  class space    used 4389K, capacity 4569K, committed 4608K, reserved 1048576K
Event: 3.885 GC heap after
Heap after GC invocations=7 (full 1):
 PSYoungGen      total 82432K, used 8215K [0x00000000d5a00000, 0x00000000dd380000, 0x0000000100000000)
  eden space 62464K, 0% used [0x00000000d5a00000,0x00000000d5a00000,0x00000000d9700000)
  from space 19968K, 41% used [0x00000000daa00000,0x00000000db205d48,0x00000000dbd80000)
  to   space 19456K, 0% used [0x00000000d9700000,0x00000000d9700000,0x00000000daa00000)
 ParOldGen       total 80384K, used 28827K [0x0000000080e00000, 0x0000000085c80000, 0x00000000d5a00000)
  object space 80384K, 35% used [0x0000000080e00000,0x0000000082a26d30,0x0000000085c80000)
 Metaspace       used 34654K, capacity 35153K, committed 35416K, reserved 1081344K
  class space    used 4389K, capacity 4569K, committed 4608K, reserved 1048576K
}
Event: 3.885 GC heap before
{Heap before GC invocations=8 (full 2):
 PSYoungGen      total 82432K, used 8215K [0x00000000d5a00000, 0x00000000dd380000, 0x0000000100000000)
  eden space 62464K, 0% used [0x00000000d5a00000,0x00000000d5a00000,0x00000000d9700000)
  from space 19968K, 41% used [0x00000000daa00000,0x00000000db205d48,0x00000000dbd80000)
  to   space 19456K, 0% used [0x00000000d9700000,0x00000000d9700000,0x00000000daa00000)
 ParOldGen       total 80384K, used 28827K [0x0000000080e00000, 0x0000000085c80000, 0x00000000d5a00000)
  object space 80384K, 35% used [0x0000000080e00000,0x0000000082a26d30,0x0000000085c80000)
 Metaspace       used 34654K, capacity 35153K, committed 35416K, reserved 1081344K
  class space    used 4389K, capacity 4569K, committed 4608K, reserved 1048576K
Event: 3.966 GC heap after
Heap after GC invocations=8 (full 2):
 PSYoungGen      total 82432K, used 0K [0x00000000d5a00000, 0x00000000dd380000, 0x0000000100000000)
  eden space 62464K, 0% used [0x00000000d5a00000,0x00000000d5a00000,0x00000000d9700000)
  from space 19968K, 0% used [0x00000000daa00000,0x00000000daa00000,0x00000000dbd80000)
  to   space 19456K, 0% used [0x00000000d9700000,0x00000000d9700000,0x00000000daa00000)
 ParOldGen       total 80384K, used 23648K [0x0000000080e00000, 0x0000000085c80000, 0x00000000d5a00000)
  object space 80384K, 29% used [0x0000000080e00000,0x00000000825181b8,0x0000000085c80000)
 Metaspace       used 34654K, capacity 35153K, committed 35416K, reserved 1081344K
  class space    used 4389K, capacity 4569K, committed 4608K, reserved 1048576K
}

