# JRE version: OpenJDK Runtime Environment (8.0_242-b01) (build 1.8.0_242-release-1644-b01)
# Java VM: OpenJDK 64-Bit Server VM (25.242-b01 mixed mode windows-amd64 compressed oops)
Heap:
 PSYoungGen      total 642048K, used 467670K [0x00000000d5580000, 0x00000000fff80000, 0x0000000100000000)
  eden space 589824K, 73% used [0x00000000d5580000,0x00000000efe51f28,0x00000000f9580000)
  from space 52224K, 62% used [0x00000000fcc80000,0x00000000fec63ac8,0x00000000fff80000)
  to   space 54272K, 0% used [0x00000000f9580000,0x00000000f9580000,0x00000000fca80000)
 ParOldGen       total 323584K, used 176711K [0x0000000080000000, 0x0000000093c00000, 0x00000000d5580000)
  object space 323584K, 54% used [0x0000000080000000,0x000000008ac91c08,0x0000000093c00000)
 Metaspace       used 116352K, capacity 123214K, committed 123468K, reserved 1157120K
  class space    used 15074K, capacity 16404K, committed 16512K, reserved 1048576K
GC Heap History (10 events):
Event: 8083.115 GC heap before
{Heap before GC invocations=39 (full 4):
 PSYoungGen      total 665088K, used 648167K [0x00000000d5580000, 0x00000000ffb80000, 0x0000000100000000)
  eden space 640000K, 100% used [0x00000000d5580000,0x00000000fc680000,0x00000000fc680000)
  from space 25088K, 32% used [0x00000000fe300000,0x00000000feaf9df8,0x00000000ffb80000)
  to   space 27136K, 0% used [0x00000000fc680000,0x00000000fc680000,0x00000000fe100000)
 ParOldGen       total 197632K, used 160866K [0x0000000080000000, 0x000000008c100000, 0x00000000d5580000)
  object space 197632K, 81% used [0x0000000080000000,0x0000000089d18ad0,0x000000008c100000)
 Metaspace       used 98171K, capacity 103346K, committed 104652K, reserved 1140736K
  class space    used 12968K, capacity 13951K, committed 14336K, reserved 1048576K
Event: 8083.296 GC heap after
Heap after GC invocations=39 (full 4):
 PSYoungGen      total 667136K, used 27109K [0x00000000d5580000, 0x0000000100000000, 0x0000000100000000)
  eden space 640000K, 0% used [0x00000000d5580000,0x00000000d5580000,0x00000000fc680000)
  from space 27136K, 99% used [0x00000000fc680000,0x00000000fe0f9740,0x00000000fe100000)
  to   space 31744K, 0% used [0x00000000fe100000,0x00000000fe100000,0x0000000100000000)
 ParOldGen       total 210432K, used 210023K [0x0000000080000000, 0x000000008cd80000, 0x00000000d5580000)
  object space 210432K, 99% used [0x0000000080000000,0x000000008cd19f30,0x000000008cd80000)
 Metaspace       used 98171K, capacity 103346K, committed 104652K, reserved 1140736K
  class space    used 12968K, capacity 13951K, committed 14336K, reserved 1048576K
}
Event: 8083.296 GC heap before
{Heap before GC invocations=40 (full 5):
 PSYoungGen      total 667136K, used 27109K [0x00000000d5580000, 0x0000000100000000, 0x0000000100000000)
  eden space 640000K, 0% used [0x00000000d5580000,0x00000000d5580000,0x00000000fc680000)
  from space 27136K, 99% used [0x00000000fc680000,0x00000000fe0f9740,0x00000000fe100000)
  to   space 31744K, 0% used [0x00000000fe100000,0x00000000fe100000,0x0000000100000000)
 ParOldGen       total 210432K, used 210023K [0x0000000080000000, 0x000000008cd80000, 0x00000000d5580000)
  object space 210432K, 99% used [0x0000000080000000,0x000000008cd19f30,0x000000008cd80000)
 Metaspace       used 98171K, capacity 103346K, committed 104652K, reserved 1140736K
  class space    used 12968K, capacity 13951K, committed 14336K, reserved 1048576K
Event: 8084.159 GC heap after
Heap after GC invocations=40 (full 5):
 PSYoungGen      total 667136K, used 0K [0x00000000d5580000, 0x0000000100000000, 0x0000000100000000)
  eden space 640000K, 0% used [0x00000000d5580000,0x00000000d5580000,0x00000000fc680000)
  from space 27136K, 0% used [0x00000000fc680000,0x00000000fc680000,0x00000000fe100000)
  to   space 31744K, 0% used [0x00000000fe100000,0x00000000fe100000,0x0000000100000000)
 ParOldGen       total 323584K, used 138207K [0x0000000080000000, 0x0000000093c00000, 0x00000000d5580000)
  object space 323584K, 42% used [0x0000000080000000,0x00000000886f7dc0,0x0000000093c00000)
 Metaspace       used 98127K, capacity 103224K, committed 104652K, reserved 1140736K
  class space    used 12953K, capacity 13924K, committed 14336K, reserved 1048576K
}
Event: 8589.719 GC heap before
{Heap before GC invocations=41 (full 5):
 PSYoungGen      total 667136K, used 640000K [0x00000000d5580000, 0x0000000100000000, 0x0000000100000000)
  eden space 640000K, 100% used [0x00000000d5580000,0x00000000fc680000,0x00000000fc680000)
  from space 27136K, 0% used [0x00000000fc680000,0x00000000fc680000,0x00000000fe100000)
  to   space 31744K, 0% used [0x00000000fe100000,0x00000000fe100000,0x0000000100000000)
 ParOldGen       total 323584K, used 138207K [0x0000000080000000, 0x0000000093c00000, 0x00000000d5580000)
  object space 323584K, 42% used [0x0000000080000000,0x00000000886f7dc0,0x0000000093c00000)
 Metaspace       used 109152K, capacity 115242K, committed 115404K, reserved 1148928K
  class space    used 14275K, capacity 15494K, committed 15616K, reserved 1048576K
Event: 8589.789 GC heap after
Heap after GC invocations=41 (full 5):
 PSYoungGen      total 617984K, used 31720K [0x00000000d5580000, 0x0000000100000000, 0x0000000100000000)
  eden space 586240K, 0% used [0x00000000d5580000,0x00000000d5580000,0x00000000f9200000)
  from space 31744K, 99% used [0x00000000fe100000,0x00000000ffffa1d8,0x0000000100000000)
  to   space 56320K, 0% used [0x00000000f9200000,0x00000000f9200000,0x00000000fc900000)
 ParOldGen       total 323584K, used 149644K [0x0000000080000000, 0x0000000093c00000, 0x00000000d5580000)
  object space 323584K, 46% used [0x0000000080000000,0x00000000892232a0,0x0000000093c00000)
 Metaspace       used 109152K, capacity 115242K, committed 115404K, reserved 1148928K
  class space    used 14275K, capacity 15494K, committed 15616K, reserved 1048576K
}
Event: 8785.987 GC heap before
{Heap before GC invocations=42 (full 5):
 PSYoungGen      total 617984K, used 617960K [0x00000000d5580000, 0x0000000100000000, 0x0000000100000000)
  eden space 586240K, 100% used [0x00000000d5580000,0x00000000f9200000,0x00000000f9200000)
  from space 31744K, 99% used [0x00000000fe100000,0x00000000ffffa1d8,0x0000000100000000)
  to   space 56320K, 0% used [0x00000000f9200000,0x00000000f9200000,0x00000000fc900000)
 ParOldGen       total 323584K, used 149644K [0x0000000080000000, 0x0000000093c00000, 0x00000000d5580000)
  object space 323584K, 46% used [0x0000000080000000,0x00000000892232a0,0x0000000093c00000)
 Metaspace       used 115488K, capacity 122018K, committed 122316K, reserved 1155072K
  class space    used 15010K, capacity 16312K, committed 16384K, reserved 1048576K
Event: 8786.041 GC heap after
Heap after GC invocations=42 (full 5):
 PSYoungGen      total 642560K, used 18888K [0x00000000d5580000, 0x0000000100000000, 0x0000000100000000)
  eden space 586240K, 0% used [0x00000000d5580000,0x00000000d5580000,0x00000000f9200000)
  from space 56320K, 33% used [0x00000000f9200000,0x00000000fa4723c8,0x00000000fc900000)
  to   space 52736K, 0% used [0x00000000fcc80000,0x00000000fcc80000,0x0000000100000000)
 ParOldGen       total 323584K, used 176329K [0x0000000080000000, 0x0000000093c00000, 0x00000000d5580000)
  object space 323584K, 54% used [0x0000000080000000,0x000000008ac32488,0x0000000093c00000)
 Metaspace       used 115488K, capacity 122018K, committed 122316K, reserved 1155072K
  class space    used 15010K, capacity 16312K, committed 16384K, reserved 1048576K
}
Event: 8795.326 GC heap before
{Heap before GC invocations=43 (full 5):
 PSYoungGen      total 642560K, used 605128K [0x00000000d5580000, 0x0000000100000000, 0x0000000100000000)
  eden space 586240K, 100% used [0x00000000d5580000,0x00000000f9200000,0x00000000f9200000)
  from space 56320K, 33% used [0x00000000f9200000,0x00000000fa4723c8,0x00000000fc900000)
  to   space 52736K, 0% used [0x00000000fcc80000,0x00000000fcc80000,0x0000000100000000)
 ParOldGen       total 323584K, used 176711K [0x0000000080000000, 0x0000000093c00000, 0x00000000d5580000)
  object space 323584K, 54% used [0x0000000080000000,0x000000008ac91c08,0x0000000093c00000)
 Metaspace       used 116299K, capacity 123136K, committed 123468K, reserved 1157120K
  class space    used 15073K, capacity 16403K, committed 16512K, reserved 1048576K
Event: 8795.373 GC heap after
Heap after GC invocations=43 (full 5):
 PSYoungGen      total 642048K, used 32654K [0x00000000d5580000, 0x00000000fff80000, 0x0000000100000000)
  eden space 589824K, 0% used [0x00000000d5580000,0x00000000d5580000,0x00000000f9580000)
  from space 52224K, 62% used [0x00000000fcc80000,0x00000000fec63ac8,0x00000000fff80000)
  to   space 54272K, 0% used [0x00000000f9580000,0x00000000f9580000,0x00000000fca80000)
 ParOldGen       total 323584K, used 176711K [0x0000000080000000, 0x0000000093c00000, 0x00000000d5580000)
  object space 323584K, 54% used [0x0000000080000000,0x000000008ac91c08,0x0000000093c00000)
 Metaspace       used 116299K, capacity 123136K, committed 123468K, reserved 1157120K
  class space    used 15073K, capacity 16403K, committed 16512K, reserved 1048576K
}

