# JRE version: OpenJDK Runtime Environment (8.0_242-b01) (build 1.8.0_242-release-1644-b01)
# Java VM: OpenJDK 64-Bit Server VM (25.242-b01 mixed mode windows-amd64 compressed oops)
Heap:
 PSYoungGen      total 126976K, used 1963K [0x00000000d5a00000, 0x00000000e0500000, 0x0000000100000000)
  eden space 98304K, 1% used [0x00000000d5a00000,0x00000000d5beae08,0x00000000dba00000)
  from space 28672K, 0% used [0x00000000ddc80000,0x00000000ddc80000,0x00000000df880000)
  to   space 35328K, 0% used [0x00000000dba00000,0x00000000dba00000,0x00000000ddc80000)
 ParOldGen       total 123392K, used 60423K [0x0000000080e00000, 0x0000000088680000, 0x00000000d5a00000)
  object space 123392K, 48% used [0x0000000080e00000,0x0000000084901f08,0x0000000088680000)
 Metaspace       used 57771K, capacity 58837K, committed 59284K, reserved 1101824K
  class space    used 6535K, capacity 6802K, committed 6912K, reserved 1048576K
GC Heap History (10 events):
Event: 4.605 GC heap before
{Heap before GC invocations=9 (full 2):
 PSYoungGen      total 85504K, used 65536K [0x00000000d5a00000, 0x00000000dda00000, 0x0000000100000000)
  eden space 65536K, 100% used [0x00000000d5a00000,0x00000000d9a00000,0x00000000d9a00000)
  from space 19968K, 0% used [0x00000000dad00000,0x00000000dad00000,0x00000000dc080000)
  to   space 19456K, 0% used [0x00000000d9a00000,0x00000000d9a00000,0x00000000dad00000)
 ParOldGen       total 123392K, used 23536K [0x0000000080e00000, 0x0000000088680000, 0x00000000d5a00000)
  object space 123392K, 19% used [0x0000000080e00000,0x00000000824fc1f8,0x0000000088680000)
 Metaspace       used 39986K, capacity 40613K, committed 41088K, reserved 1085440K
  class space    used 4965K, capacity 5150K, committed 5248K, reserved 1048576K
Event: 4.619 GC heap after
Heap after GC invocations=9 (full 2):
 PSYoungGen      total 84992K, used 12742K [0x00000000d5a00000, 0x00000000dd780000, 0x0000000100000000)
  eden space 65536K, 0% used [0x00000000d5a00000,0x00000000d5a00000,0x00000000d9a00000)
  from space 19456K, 65% used [0x00000000d9a00000,0x00000000da671ba0,0x00000000dad00000)
  to   space 18944K, 0% used [0x00000000dc500000,0x00000000dc500000,0x00000000dd780000)
 ParOldGen       total 123392K, used 23544K [0x0000000080e00000, 0x0000000088680000, 0x00000000d5a00000)
  object space 123392K, 19% used [0x0000000080e00000,0x00000000824fe1f8,0x0000000088680000)
 Metaspace       used 39986K, capacity 40613K, committed 41088K, reserved 1085440K
  class space    used 4965K, capacity 5150K, committed 5248K, reserved 1048576K
}
Event: 6.399 GC heap before
{Heap before GC invocations=10 (full 2):
 PSYoungGen      total 84992K, used 78278K [0x00000000d5a00000, 0x00000000dd780000, 0x0000000100000000)
  eden space 65536K, 100% used [0x00000000d5a00000,0x00000000d9a00000,0x00000000d9a00000)
  from space 19456K, 65% used [0x00000000d9a00000,0x00000000da671ba0,0x00000000dad00000)
  to   space 18944K, 0% used [0x00000000dc500000,0x00000000dc500000,0x00000000dd780000)
 ParOldGen       total 123392K, used 23544K [0x0000000080e00000, 0x0000000088680000, 0x00000000d5a00000)
  object space 123392K, 19% used [0x0000000080e00000,0x00000000824fe1f8,0x0000000088680000)
 Metaspace       used 43828K, capacity 44583K, committed 44928K, reserved 1089536K
  class space    used 5270K, capacity 5471K, committed 5504K, reserved 1048576K
Event: 6.422 GC heap after
Heap after GC invocations=10 (full 2):
 PSYoungGen      total 106496K, used 18924K [0x00000000d5a00000, 0x00000000ddb80000, 0x0000000100000000)
  eden space 87552K, 0% used [0x00000000d5a00000,0x00000000d5a00000,0x00000000daf80000)
  from space 18944K, 99% used [0x00000000dc500000,0x00000000dd77b288,0x00000000dd780000)
  to   space 22016K, 0% used [0x00000000daf80000,0x00000000daf80000,0x00000000dc500000)
 ParOldGen       total 123392K, used 24461K [0x0000000080e00000, 0x0000000088680000, 0x00000000d5a00000)
  object space 123392K, 19% used [0x0000000080e00000,0x00000000825e3498,0x0000000088680000)
 Metaspace       used 43828K, capacity 44583K, committed 44928K, reserved 1089536K
  class space    used 5270K, capacity 5471K, committed 5504K, reserved 1048576K
}
Event: 9.523 GC heap before
{Heap before GC invocations=11 (full 2):
 PSYoungGen      total 106496K, used 106476K [0x00000000d5a00000, 0x00000000ddb80000, 0x0000000100000000)
  eden space 87552K, 100% used [0x00000000d5a00000,0x00000000daf80000,0x00000000daf80000)
  from space 18944K, 99% used [0x00000000dc500000,0x00000000dd77b288,0x00000000dd780000)
  to   space 22016K, 0% used [0x00000000daf80000,0x00000000daf80000,0x00000000dc500000)
 ParOldGen       total 123392K, used 24461K [0x0000000080e00000, 0x0000000088680000, 0x00000000d5a00000)
  object space 123392K, 19% used [0x0000000080e00000,0x00000000825e3498,0x0000000088680000)
 Metaspace       used 49115K, capacity 49965K, committed 50304K, reserved 1093632K
  class space    used 5734K, capacity 5962K, committed 6016K, reserved 1048576K
Event: 9.558 GC heap after
Heap after GC invocations=11 (full 2):
 PSYoungGen      total 109568K, used 21998K [0x00000000d5a00000, 0x00000000df880000, 0x0000000100000000)
  eden space 87552K, 0% used [0x00000000d5a00000,0x00000000d5a00000,0x00000000daf80000)
  from space 22016K, 99% used [0x00000000daf80000,0x00000000dc4fb848,0x00000000dc500000)
  to   space 28672K, 0% used [0x00000000ddc80000,0x00000000ddc80000,0x00000000df880000)
 ParOldGen       total 123392K, used 33440K [0x0000000080e00000, 0x0000000088680000, 0x00000000d5a00000)
  object space 123392K, 27% used [0x0000000080e00000,0x0000000082ea8388,0x0000000088680000)
 Metaspace       used 49115K, capacity 49965K, committed 50304K, reserved 1093632K
  class space    used 5734K, capacity 5962K, committed 6016K, reserved 1048576K
}
Event: 12.068 GC heap before
{Heap before GC invocations=12 (full 2):
 PSYoungGen      total 109568K, used 100317K [0x00000000d5a00000, 0x00000000df880000, 0x0000000100000000)
  eden space 87552K, 89% used [0x00000000d5a00000,0x00000000da67bd28,0x00000000daf80000)
  from space 22016K, 99% used [0x00000000daf80000,0x00000000dc4fb848,0x00000000dc500000)
  to   space 28672K, 0% used [0x00000000ddc80000,0x00000000ddc80000,0x00000000df880000)
 ParOldGen       total 123392K, used 33440K [0x0000000080e00000, 0x0000000088680000, 0x00000000d5a00000)
  object space 123392K, 27% used [0x0000000080e00000,0x0000000082ea8388,0x0000000088680000)
 Metaspace       used 57673K, capacity 58709K, committed 59028K, reserved 1101824K
  class space    used 6524K, capacity 6802K, committed 6912K, reserved 1048576K
Event: 12.110 GC heap after
Heap after GC invocations=12 (full 2):
 PSYoungGen      total 126976K, used 28645K [0x00000000d5a00000, 0x00000000e0500000, 0x0000000100000000)
  eden space 98304K, 0% used [0x00000000d5a00000,0x00000000d5a00000,0x00000000dba00000)
  from space 28672K, 99% used [0x00000000ddc80000,0x00000000df8794f0,0x00000000df880000)
  to   space 35328K, 0% used [0x00000000dba00000,0x00000000dba00000,0x00000000ddc80000)
 ParOldGen       total 123392K, used 40939K [0x0000000080e00000, 0x0000000088680000, 0x00000000d5a00000)
  object space 123392K, 33% used [0x0000000080e00000,0x00000000835fada0,0x0000000088680000)
 Metaspace       used 57673K, capacity 58709K, committed 59028K, reserved 1101824K
  class space    used 6524K, capacity 6802K, committed 6912K, reserved 1048576K
}
Event: 12.110 GC heap before
{Heap before GC invocations=13 (full 3):
 PSYoungGen      total 126976K, used 28645K [0x00000000d5a00000, 0x00000000e0500000, 0x0000000100000000)
  eden space 98304K, 0% used [0x00000000d5a00000,0x00000000d5a00000,0x00000000dba00000)
  from space 28672K, 99% used [0x00000000ddc80000,0x00000000df8794f0,0x00000000df880000)
  to   space 35328K, 0% used [0x00000000dba00000,0x00000000dba00000,0x00000000ddc80000)
 ParOldGen       total 123392K, used 40939K [0x0000000080e00000, 0x0000000088680000, 0x00000000d5a00000)
  object space 123392K, 33% used [0x0000000080e00000,0x00000000835fada0,0x0000000088680000)
 Metaspace       used 57673K, capacity 58709K, committed 59028K, reserved 1101824K
  class space    used 6524K, capacity 6802K, committed 6912K, reserved 1048576K
Event: 12.406 GC heap after
Heap after GC invocations=13 (full 3):
 PSYoungGen      total 126976K, used 0K [0x00000000d5a00000, 0x00000000e0500000, 0x0000000100000000)
  eden space 98304K, 0% used [0x00000000d5a00000,0x00000000d5a00000,0x00000000dba00000)
  from space 28672K, 0% used [0x00000000ddc80000,0x00000000ddc80000,0x00000000df880000)
  to   space 35328K, 0% used [0x00000000dba00000,0x00000000dba00000,0x00000000ddc80000)
 ParOldGen       total 123392K, used 60423K [0x0000000080e00000, 0x0000000088680000, 0x00000000d5a00000)
  object space 123392K, 48% used [0x0000000080e00000,0x0000000084901f08,0x0000000088680000)
 Metaspace       used 57673K, capacity 58709K, committed 59028K, reserved 1101824K
  class space    used 6524K, capacity 6802K, committed 6912K, reserved 1048576K
}

