# JRE version: OpenJDK Runtime Environment (8.0_242-b01) (build 1.8.0_242-release-1644-b01)
# Java VM: OpenJDK 64-Bit Server VM (25.242-b01 mixed mode windows-amd64 compressed oops)
Heap:
 PSYoungGen      total 288768K, used 207260K [0x00000000d5580000, 0x00000000e8d80000, 0x0000000100000000)
  eden space 266240K, 69% used [0x00000000d5580000,0x00000000e0a546a0,0x00000000e5980000)
  from space 22528K, 98% used [0x00000000e6300000,0x00000000e7892a00,0x00000000e7900000)
  to   space 20992K, 0% used [0x00000000e7900000,0x00000000e7900000,0x00000000e8d80000)
 ParOldGen       total 190464K, used 68451K [0x0000000080000000, 0x000000008ba00000, 0x00000000d5580000)
  object space 190464K, 35% used [0x0000000080000000,0x00000000842d8ce0,0x000000008ba00000)
 Metaspace       used 102695K, capacity 108390K, committed 108620K, reserved 1142784K
  class space    used 13378K, capacity 14619K, committed 14708K, reserved 1048576K
GC Heap History (10 events):
Event: 53.890 GC heap before
{Heap before GC invocations=23 (full 3):
 PSYoungGen      total 226816K, used 186103K [0x00000000d5580000, 0x00000000e7400000, 0x0000000100000000)
  eden space 205824K, 80% used [0x00000000d5580000,0x00000000df6bf430,0x00000000e1e80000)
  from space 20992K, 99% used [0x00000000e1e80000,0x00000000e32feb38,0x00000000e3300000)
  to   space 25088K, 0% used [0x00000000e5b80000,0x00000000e5b80000,0x00000000e7400000)
 ParOldGen       total 126464K, used 51805K [0x0000000080000000, 0x0000000087b80000, 0x00000000d5580000)
  object space 126464K, 40% used [0x0000000080000000,0x0000000083297740,0x0000000087b80000)
 Metaspace       used 93557K, capacity 98214K, committed 98380K, reserved 1134592K
  class space    used 12365K, capacity 13314K, committed 13428K, reserved 1048576K
Event: 53.974 GC heap after
Heap after GC invocations=23 (full 3):
 PSYoungGen      total 268288K, used 14350K [0x00000000d5580000, 0x00000000e7c00000, 0x0000000100000000)
  eden space 243200K, 0% used [0x00000000d5580000,0x00000000d5580000,0x00000000e4300000)
  from space 25088K, 57% used [0x00000000e5b80000,0x00000000e6983a40,0x00000000e7400000)
  to   space 25088K, 0% used [0x00000000e4300000,0x00000000e4300000,0x00000000e5b80000)
 ParOldGen       total 126464K, used 68707K [0x0000000080000000, 0x0000000087b80000, 0x00000000d5580000)
  object space 126464K, 54% used [0x0000000080000000,0x0000000084318cb0,0x0000000087b80000)
 Metaspace       used 93557K, capacity 98214K, committed 98380K, reserved 1134592K
  class space    used 12365K, capacity 13314K, committed 13428K, reserved 1048576K
}
Event: 53.975 GC heap before
{Heap before GC invocations=24 (full 4):
 PSYoungGen      total 268288K, used 14350K [0x00000000d5580000, 0x00000000e7c00000, 0x0000000100000000)
  eden space 243200K, 0% used [0x00000000d5580000,0x00000000d5580000,0x00000000e4300000)
  from space 25088K, 57% used [0x00000000e5b80000,0x00000000e6983a40,0x00000000e7400000)
  to   space 25088K, 0% used [0x00000000e4300000,0x00000000e4300000,0x00000000e5b80000)
 ParOldGen       total 126464K, used 68707K [0x0000000080000000, 0x0000000087b80000, 0x00000000d5580000)
  object space 126464K, 54% used [0x0000000080000000,0x0000000084318cb0,0x0000000087b80000)
 Metaspace       used 93557K, capacity 98214K, committed 98380K, reserved 1134592K
  class space    used 12365K, capacity 13314K, committed 13428K, reserved 1048576K
Event: 54.389 GC heap after
Heap after GC invocations=24 (full 4):
 PSYoungGen      total 268288K, used 0K [0x00000000d5580000, 0x00000000e7c00000, 0x0000000100000000)
  eden space 243200K, 0% used [0x00000000d5580000,0x00000000d5580000,0x00000000e4300000)
  from space 25088K, 0% used [0x00000000e5b80000,0x00000000e5b80000,0x00000000e7400000)
  to   space 25088K, 0% used [0x00000000e4300000,0x00000000e4300000,0x00000000e5b80000)
 ParOldGen       total 190464K, used 68427K [0x0000000080000000, 0x000000008ba00000, 0x00000000d5580000)
  object space 190464K, 35% used [0x0000000080000000,0x00000000842d2ce0,0x000000008ba00000)
 Metaspace       used 93373K, capacity 97662K, committed 98380K, reserved 1134592K
  class space    used 12306K, capacity 13210K, committed 13428K, reserved 1048576K
}
Event: 258.355 GC heap before
{Heap before GC invocations=25 (full 4):
 PSYoungGen      total 268288K, used 243200K [0x00000000d5580000, 0x00000000e7c00000, 0x0000000100000000)
  eden space 243200K, 100% used [0x00000000d5580000,0x00000000e4300000,0x00000000e4300000)
  from space 25088K, 0% used [0x00000000e5b80000,0x00000000e5b80000,0x00000000e7400000)
  to   space 25088K, 0% used [0x00000000e4300000,0x00000000e4300000,0x00000000e5b80000)
 ParOldGen       total 190464K, used 68427K [0x0000000080000000, 0x000000008ba00000, 0x00000000d5580000)
  object space 190464K, 35% used [0x0000000080000000,0x00000000842d2ce0,0x000000008ba00000)
 Metaspace       used 94389K, capacity 99098K, committed 99404K, reserved 1134592K
  class space    used 12401K, capacity 13392K, committed 13428K, reserved 1048576K
Event: 258.366 GC heap after
Heap after GC invocations=25 (full 4):
 PSYoungGen      total 268288K, used 6940K [0x00000000d5580000, 0x00000000e9900000, 0x0000000100000000)
  eden space 243200K, 0% used [0x00000000d5580000,0x00000000d5580000,0x00000000e4300000)
  from space 25088K, 27% used [0x00000000e4300000,0x00000000e49c7190,0x00000000e5b80000)
  to   space 24576K, 0% used [0x00000000e8100000,0x00000000e8100000,0x00000000e9900000)
 ParOldGen       total 190464K, used 68435K [0x0000000080000000, 0x000000008ba00000, 0x00000000d5580000)
  object space 190464K, 35% used [0x0000000080000000,0x00000000842d4ce0,0x000000008ba00000)
 Metaspace       used 94389K, capacity 99098K, committed 99404K, reserved 1134592K
  class space    used 12401K, capacity 13392K, committed 13428K, reserved 1048576K
}
Event: 398.330 GC heap before
{Heap before GC invocations=26 (full 4):
 PSYoungGen      total 268288K, used 250140K [0x00000000d5580000, 0x00000000e9900000, 0x0000000100000000)
  eden space 243200K, 100% used [0x00000000d5580000,0x00000000e4300000,0x00000000e4300000)
  from space 25088K, 27% used [0x00000000e4300000,0x00000000e49c7190,0x00000000e5b80000)
  to   space 24576K, 0% used [0x00000000e8100000,0x00000000e8100000,0x00000000e9900000)
 ParOldGen       total 190464K, used 68435K [0x0000000080000000, 0x000000008ba00000, 0x00000000d5580000)
  object space 190464K, 35% used [0x0000000080000000,0x00000000842d4ce0,0x000000008ba00000)
 Metaspace       used 97217K, capacity 102328K, committed 102476K, reserved 1138688K
  class space    used 12720K, capacity 13844K, committed 13940K, reserved 1048576K
Event: 398.352 GC heap after
Heap after GC invocations=26 (full 4):
 PSYoungGen      total 292352K, used 12171K [0x00000000d5580000, 0x00000000e9100000, 0x0000000100000000)
  eden space 275968K, 0% used [0x00000000d5580000,0x00000000d5580000,0x00000000e6300000)
  from space 16384K, 74% used [0x00000000e8100000,0x00000000e8ce2e08,0x00000000e9100000)
  to   space 23552K, 0% used [0x00000000e6300000,0x00000000e6300000,0x00000000e7a00000)
 ParOldGen       total 190464K, used 68443K [0x0000000080000000, 0x000000008ba00000, 0x00000000d5580000)
  object space 190464K, 35% used [0x0000000080000000,0x00000000842d6ce0,0x000000008ba00000)
 Metaspace       used 97217K, capacity 102328K, committed 102476K, reserved 1138688K
  class space    used 12720K, capacity 13844K, committed 13940K, reserved 1048576K
}
Event: 415.050 GC heap before
{Heap before GC invocations=27 (full 4):
 PSYoungGen      total 292352K, used 288139K [0x00000000d5580000, 0x00000000e9100000, 0x0000000100000000)
  eden space 275968K, 100% used [0x00000000d5580000,0x00000000e6300000,0x00000000e6300000)
  from space 16384K, 74% used [0x00000000e8100000,0x00000000e8ce2e08,0x00000000e9100000)
  to   space 23552K, 0% used [0x00000000e6300000,0x00000000e6300000,0x00000000e7a00000)
 ParOldGen       total 190464K, used 68443K [0x0000000080000000, 0x000000008ba00000, 0x00000000d5580000)
  object space 190464K, 35% used [0x0000000080000000,0x00000000842d6ce0,0x000000008ba00000)
 Metaspace       used 99207K, capacity 104774K, committed 105164K, reserved 1140736K
  class space    used 12984K, capacity 14207K, committed 14324K, reserved 1048576K
Event: 415.078 GC heap after
Heap after GC invocations=27 (full 4):
 PSYoungGen      total 288768K, used 22090K [0x00000000d5580000, 0x00000000e8d80000, 0x0000000100000000)
  eden space 266240K, 0% used [0x00000000d5580000,0x00000000d5580000,0x00000000e5980000)
  from space 22528K, 98% used [0x00000000e6300000,0x00000000e7892a00,0x00000000e7900000)
  to   space 20992K, 0% used [0x00000000e7900000,0x00000000e7900000,0x00000000e8d80000)
 ParOldGen       total 190464K, used 68451K [0x0000000080000000, 0x000000008ba00000, 0x00000000d5580000)
  object space 190464K, 35% used [0x0000000080000000,0x00000000842d8ce0,0x000000008ba00000)
 Metaspace       used 99207K, capacity 104774K, committed 105164K, reserved 1140736K
  class space    used 12984K, capacity 14207K, committed 14324K, reserved 1048576K
}

